<?xml version="1.0" encoding="UTF-8"?>
<testng-results skipped="0" failed="0" ignored="0" total="1" passed="1">
  <reporter-output>
  </reporter-output>
  <suite name="Default suite" duration-ms="28121" started-at="2020-03-08T23:19:13 PDT" finished-at="2020-03-08T23:19:41 PDT">
    <groups>
    </groups>
    <test name="Default test" duration-ms="28121" started-at="2020-03-08T23:19:13 PDT" finished-at="2020-03-08T23:19:41 PDT">
      <class name="Naidu99.gittest.ChromeTest">
        <test-method status="PASS" signature="verifyKit()[pri:0, instance:Naidu99.gittest.ChromeTest@1efed156]" name="verifyKit" duration-ms="27984" started-at="2020-03-08T23:19:13 PDT" finished-at="2020-03-08T23:19:41 PDT">
          <reporter-output>
          </reporter-output>
        </test-method> <!-- verifyKit -->
      </class> <!-- Naidu99.gittest.ChromeTest -->
    </test> <!-- Default test -->
  </suite> <!-- Default suite -->
</testng-results>
